<!DOCTYPE html>
<html lang="en">
<head>
    <meta charset="UTF-8">
    <meta name="viewport" content="width=device-width, initial-scale=1.0">
    <title>Daily Task Dashboard</title>
    <style>
        :root {
            --bg-primary: #f4f7f6;
            --surface: #ffffff;
            --text-main: #2d3748;
            --text-muted: #718096;
            --accent: #4f46e5;
            --accent-hover: #4338ca;
            --border: #e2e8f0;
            --success: #10b981;
            --high-priority: #ef4444;
            --med-priority: #f59e0b;
            --low-priority: #3b82f6;
        }

        * {
            box-sizing: border-box;
            margin: 0;
            padding: 0;
            font-family: 'Segoe UI', Tahoma, Geneva, Verdana, sans-serif;
        }

        body {
            background-color: var(--bg-primary);
            color: var(--text-main);
            padding: 2rem 1rem;
        }

        .container {
            max-width: 900px;
            margin: 0 auto;
        }

        /* --- Header Section --- */
        header {
            display: flex;
            justify-content: space-between;
            align-items: center;
            margin-bottom: 2rem;
            background: var(--surface);
            padding: 1.5rem;
            border-radius: 12px;
            box-shadow: 0 4px 6px -1px rgba(0, 0, 0, 0.05);
        }

        h1 {
            font-size: 1.5rem;
            font-weight: 700;
        }

        .date-display {
            color: var(--text-muted);
            font-size: 0.95rem;
            margin-top: 0.25rem;
        }

        /* --- Progress Card --- */
        .progress-card {
            background: var(--surface);
            padding: 1.25rem;
            border-radius: 10px;
            text-align: right;
            border-left: 4px solid var(--accent);
        }

        .progress-text {
            font-weight: 600;
            font-size: 1.1rem;
            margin-bottom: 0.5rem;
        }

        .progress-bar-container {
            width: 150px;
            height: 8px;
            background: var(--border);
            border-radius: 4px;
            overflow: hidden;
            display: inline-block;
        }

        .progress-bar {
            width: 0%;
            height: 100%;
            background: var(--success);
            transition: width 0.3s ease;
        }

        /* --- Task Form Control --- */
        .task-form {
            background: var(--surface);
            padding: 1.5rem;
            border-radius: 12px;
            box-shadow: 0 4px 6px -1px rgba(0, 0, 0, 0.05);
            margin-bottom: 2rem;
            display: flex;
            gap: 1rem;
            flex-wrap: wrap;
        }

        .task-input {
            flex: 1;
            min-width: 200px;
            padding: 0.75rem 1rem;
            border: 1px solid var(--border);
            border-radius: 8px;
            font-size: 1rem;
            outline: none;
            transition: border-color 0.2s;
        }

        .task-input:focus {
            border-color: var(--accent);
        }

        .priority-select {
            padding: 0.75rem 1rem;
            border: 1px solid var(--border);
            border-radius: 8px;
            background: var(--surface);
            font-size: 1rem;
            cursor: pointer;
            outline: none;
        }

        .btn-add {
            background: var(--accent);
            color: white;
            border: none;
            padding: 0.75rem 1.5rem;
            border-radius: 8px;
            font-size: 1rem;
            font-weight: 600;
            cursor: pointer;
            transition: background 0.2s;
        }

        .btn-add:hover {
            background: var(--accent-hover);
        }

        /* --- Task List Container --- */
        .task-list {
            list-style: none;
            display: flex;
            flex-direction: column;
            gap: 0.75rem;
        }

        .task-item {
            background: var(--surface);
            padding: 1rem 1.2rem;
            border-radius: 10px;
            border-left: 5px solid var(--border);
            display: flex;
            align-items: center;
            justify-content: space-between;
            box-shadow: 0 2px 4px rgba(0, 0, 0, 0.02);
            transition: transform 0.2s, opacity 0.2s;
        }

        .task-item.completed {
            opacity: 0.6;
            border-left-color: var(--success) !important;
        }

        .task-item.completed .task-text {
            text-decoration: line-through;
            color: var(--text-muted);
        }

        /* Priority Colors dynamically mapped */
        .task-item.high { border-left-color: var(--high-priority); }
        .task-item.medium { border-left-color: var(--med-priority); }
        .task-item.low { border-left-color: var(--low-priority); }

        .task-left {
            display: flex;
            align-items: center;
            gap: 1rem;
            flex: 1;
        }

        .task-checkbox {
            width: 1.2rem;
            height: 1.2rem;
            cursor: pointer;
            accent-color: var(--success);
        }

        .task-text {
            font-size: 1.05rem;
            word-break: break-word;
        }

        .badge {
            font-size: 0.75rem;
            padding: 0.25rem 0.5rem;
            border-radius: 4px;
            font-weight: 600;
            text-transform: uppercase;
        }

        .badge.high { background: #fee2e2; color: var(--high-priority); }
        .badge.medium { background: #fef3c7; color: var(--med-priority); }
        .badge.low { background: #dbeafe; color: var(--low-priority); }

        .btn-delete {
            background: none;
            border: none;
            color: #ef4444;
            cursor: pointer;
            font-size: 1.2rem;
            padding: 0.25rem;
            border-radius: 4px;
            margin-left: 1rem;
            transition: background 0.2s;
        }

        .btn-delete:hover {
            background: #fee2e2;
        }

        .empty-state {
            text-align: center;
            color: var(--text-muted);
            padding: 3rem 1rem;
            font-style: italic;
        }
    </style>
</head>
<body>

    <div class="container">
        <!-- Dashboard Header -->
        <header>
            <div>
                <h1>Daily Dashboard</h1>
                <div class="date-display" id="currentDate">Thursday, June 11, 2026</div>
            </div>
            <div class="progress-card">
                <div class="progress-text">Progress: <span id="progressStats">0/0</span></div>
                <div class="progress-bar-container">
                    <div class="progress-bar" id="progressBar"></div>
                </div>
            </div>
        </header>

        <!-- Task Creator Form -->
        <form class="task-form" id="taskForm" onsubmit="addTask(event)">
            <input type="text" id="taskInput" class="task-input" placeholder="What needs to be done today?" required autocomplete="off">
            <select id="priorityInput" class="priority-select">
                <option value="low">Low Priority</option>
                <option value="medium" selected>Medium Priority</option>
                <option value="high">High Priority</option>
            </select>
            <button type="submit" class="btn-add">Add Task</button>
        </form>

        <!-- Main Task List Container -->
        <ul class="task-list" id="taskList">
            <!-- Tasks will get injected here dynamically via JavaScript -->
        </ul>
        <div id="emptyState" class="empty-state" style="display: none;"> No tasks added for today yet. Rest easy or add one above! </div>
    </div>

    <!-- Interactive System Logic -->
    <script>
        // Set dynamic modern date format
        const options = { weekday: 'long', year: 'numeric', month: 'long', day: 'numeric' };
        document.getElementById('currentDate').innerText = new Date().toLocaleDateString('en-US', options);

        // Initialize array from LocalStorage if it exists, otherwise empty array
        let tasks = JSON.parse(localStorage.getItem('dashboard_tasks')) || [];

        // Save & Refresh View Hook
        function updateDashboard() {
            localStorage.setItem('dashboard_tasks', JSON.stringify(tasks));
            renderTasks();
        }

        // Add a Task handler
        function addTask(e) {
            e.preventDefault();
            const textInput = document.getElementById('taskInput');
            const priorityInput = document.getElementById('priorityInput');

            const newTask = {
                id: Date.now(),
                text: textInput.value.trim(),
                priority: priorityInput.value,
                completed: false
            };

            tasks.push(newTask);
            textInput.value = ''; // Reset text input
            updateDashboard();
        }

        // Toggle task completion status
        function toggleTask(id) {
            tasks = tasks.map(task => {
                if (task.id === id) {
                    return { ...task, completed: !task.completed };
                }
                return task;
            });
            updateDashboard();
        }

        // Delete a task handler
        function deleteTask(id) {
            tasks = tasks.filter(task => task.id !== id);
            updateDashboard();
        }

        // Render data dynamically into HTML layout
        function renderTasks() {
            const listElement = document.getElementById('taskList');
            const emptyState = document.getElementById('emptyState');
            
            // Clear existing layout list to handle full refresh re-render
            listElement.innerHTML = '';

            if (tasks.length === 0) {
                emptyState.style.display = 'block';
            } else {
                emptyState.style.display = 'none';
                
                // Sort array so that uncompleted high-priority items stick closer to top
                const sortedTasks = [...tasks].sort((a, b) => {
                    if (a.completed !== b.completed) return a.completed - b.completed;
                    const priorityWeight = { high: 3, medium: 2, low: 1 };
                    return priorityWeight[b.priority] - priorityWeight[a.priority];
                });

                sortedTasks.forEach(task => {
                    const li = document.createElement('li');
                    li.className = `task-item ${task.priority} ${task.completed ? 'completed' : ''}`;
                    
                    li.innerHTML = `
                        <div class="task-left">
                            <input type="checkbox" class="task-checkbox" ${task.completed ? 'checked' : ''} onchange="toggleTask(${task.id})">
                            <span class="task-text">${task.text}</span>
                            <span class="badge ${task.priority}">${task.priority}</span>
                        </div>
                        <button class="btn-delete" onclick="deleteTask(${task.id})" title="Delete Task">✕</button>
                    `;
                    listElement.appendChild(li);
                });
            }

            // Update Progress Analytics 
            const completedCount = tasks.filter(t => t.completed).length;
            const totalCount = tasks.length;
            document.getElementById('progressStats').innerText = `${completedCount}/${totalCount}`;
            
            const percentage = totalCount === 0 ? 0 : (completedCount / totalCount) * 100;
            document.getElementById('progressBar').style.width = `${percentage}%`;
        }

        // Primary application paint launch trigger
        renderTasks();
    </script>
</body>
</html>